<?xml version="1.0" encoding="UTF-8"?>
<!-- Generated by org.testng.reporters.JUnitReportReporter -->
<testsuite skipped="0" hostname="msankarganesh" name="testCases.TC003_CreateLead" tests="3" failures="0" timestamp="20 Nov 2017 05:47:31 GMT" time="52.287" errors="0">
  <testcase name="login" time="17.879" classname="testCases.TC003_CreateLead"/>
  <testcase name="login" time="17.566" classname="testCases.TC003_CreateLead"/>
  <testcase name="login" time="16.842" classname="testCases.TC003_CreateLead"/>
</testsuite> <!-- testCases.TC003_CreateLead -->
